2021-03-23T10:35:14-00:00 [INFO] [sihl.core.app]: Setting up...
2021-03-23T10:35:14-00:00 [INFO] [sihl.core.configuration]: SIHL_ENV: development
2021-03-23T10:35:14-00:00 [INFO] [sihl.core.container]: Starting...
2021-03-23T10:35:39-00:00 [INFO] [sihl.core.app]: Setting up...
2021-03-23T10:35:39-00:00 [INFO] [sihl.core.configuration]: SIHL_ENV: development
2021-03-23T10:35:44-00:00 [INFO] [sihl.core.app]: Setting up...
2021-03-23T10:35:44-00:00 [INFO] [sihl.core.configuration]: SIHL_ENV: development
2021-03-23T10:36:20-00:00 [INFO] [sihl.core.app]: Setting up...
2021-03-23T10:36:20-00:00 [INFO] [sihl.core.configuration]: SIHL_ENV: development
2021-03-23T10:38:14-00:00 [INFO] [sihl.core.app]: Setting up...
2021-03-23T10:38:14-00:00 [INFO] [sihl.core.configuration]: SIHL_ENV: development
2021-03-23T10:38:19-00:00 [INFO] [sihl.core.app]: Setting up...
2021-03-23T10:38:19-00:00 [INFO] [sihl.core.configuration]: SIHL_ENV: development
2021-03-23T10:40:18-00:00 [INFO] [sihl.core.app]: Setting up...
2021-03-23T10:40:18-00:00 [INFO] [sihl.core.configuration]: SIHL_ENV: development
2021-03-23T10:40:21-00:00 [INFO] [sihl.core.app]: Setting up...
2021-03-23T10:40:21-00:00 [INFO] [sihl.core.configuration]: SIHL_ENV: development
2021-03-23T10:40:21-00:00 [INFO] [application]: Starting Opium on 0.0.0.0:3000
2021-03-23T10:40:35-00:00 [INFO] [sihl.core.app]: Setting up...
2021-03-23T10:40:35-00:00 [INFO] [sihl.core.configuration]: SIHL_ENV: development
2021-03-23T10:40:35-00:00 [INFO] [application]: Starting Opium on 0.0.0.0:3000
2021-03-23T10:40:44-00:00 [INFO] [sihl.core.app]: Setting up...
2021-03-23T10:40:44-00:00 [INFO] [sihl.core.configuration]: SIHL_ENV: development
2021-03-23T10:40:44-00:00 [INFO] [application]: Starting Opium on 0.0.0.0:3000
2021-03-23T10:40:57-00:00 [INFO] [sihl.core.app]: Setting up...
2021-03-23T10:40:57-00:00 [INFO] [sihl.core.configuration]: SIHL_ENV: development
2021-03-23T10:40:57-00:00 [INFO] [application]: Starting Opium on 0.0.0.0:3000
2021-03-23T10:41:02-00:00 [INFO] [sihl.core.app]: Setting up...
2021-03-23T10:41:02-00:00 [INFO] [sihl.core.configuration]: SIHL_ENV: development
2021-03-23T10:41:02-00:00 [INFO] [sihl.core.container]: Starting...
2021-03-23T10:41:02-00:00 [INFO] [sihl.service.database]: Create pool with size 5
2021-03-23T10:41:37-00:00 [INFO] [sihl.core.app]: Setting up...
2021-03-23T10:41:37-00:00 [INFO] [sihl.core.configuration]: SIHL_ENV: development
2021-03-23T10:41:37-00:00 [INFO] [sihl.core.container]: Starting...
2021-03-23T10:42:12-00:00 [INFO] [sihl.core.app]: Setting up...
2021-03-23T10:42:12-00:00 [INFO] [sihl.core.configuration]: SIHL_ENV: development
2021-03-23T10:42:12-00:00 [INFO] [sihl.core.container]: Starting...
2021-03-23T10:42:35-00:00 [INFO] [sihl.core.app]: Setting up...
2021-03-23T10:42:35-00:00 [INFO] [sihl.core.configuration]: SIHL_ENV: development
2021-03-23T10:42:35-00:00 [INFO] [sihl.core.container]: Starting...
2021-03-23T10:42:35-00:00 [INFO] [sihl.service.database]: Create pool with size 5
2021-03-23T10:42:57-00:00 [INFO] [sihl.core.app]: Setting up...
2021-03-23T10:42:57-00:00 [INFO] [sihl.core.configuration]: SIHL_ENV: development
2021-03-23T10:42:57-00:00 [INFO] [sihl.core.container]: Starting...
2021-03-23T10:42:57-00:00 [INFO] [sihl.service.database]: Create pool with size 5
2021-03-23T10:43:08-00:00 [INFO] [sihl.core.app]: Setting up...
2021-03-23T10:43:08-00:00 [INFO] [sihl.core.configuration]: SIHL_ENV: development
2021-03-23T10:43:08-00:00 [INFO] [sihl.core.container]: Starting...
2021-03-23T10:43:08-00:00 [INFO] [sihl.service.database]: Create pool with size 5
2021-03-23T10:43:09-00:00 [INFO] [sihl.core.container]: All services started.
2021-03-23T10:43:09-00:00 [INFO] [application]: Starting Opium on 0.0.0.0:3000
2021-03-23T13:11:11-00:00 [INFO] [sihl.core.app]: Setting up...
2021-03-23T13:11:11-00:00 [INFO] [sihl.core.configuration]: SIHL_ENV: development
2021-03-23T13:11:11-00:00 [INFO] [sihl.core.container]: Starting...
2021-03-23T13:11:11-00:00 [INFO] [sihl.service.database]: Create pool with size 5
2021-03-23T13:11:11-00:00 [INFO] [sihl.core.container]: All services started.
2021-03-23T13:11:11-00:00 [INFO] [application]: Starting Opium on 0.0.0.0:3000
2021-03-23T13:16:44-00:00 [INFO] [sihl.core.app]: Setting up...
2021-03-23T13:16:44-00:00 [INFO] [sihl.core.configuration]: SIHL_ENV: development
2021-03-23T13:16:44-00:00 [INFO] [sihl.core.container]: Starting...
2021-03-23T13:17:39-00:00 [INFO] [sihl.core.app]: Setting up...
2021-03-23T13:17:39-00:00 [INFO] [sihl.core.configuration]: SIHL_ENV: development
2021-03-23T13:17:39-00:00 [INFO] [sihl.core.container]: Starting...
2021-03-23T13:17:39-00:00 [INFO] [sihl.service.database]: Create pool with size 10
2021-03-23T13:17:39-00:00 [INFO] [sihl.core.container]: All services started.
2021-03-23T13:17:39-00:00 [INFO] [application]: Starting Opium on 0.0.0.0:3000
2021-03-23T13:18:03-00:00 [INFO] [sihl.core.app]: Setting up...
2021-03-23T13:18:03-00:00 [INFO] [sihl.core.configuration]: SIHL_ENV: development
2021-03-23T13:18:03-00:00 [INFO] [sihl.core.container]: Starting...
2021-03-23T13:18:03-00:00 [INFO] [sihl.service.database]: Create pool with size 10
2021-03-23T13:18:03-00:00 [INFO] [sihl.core.container]: All services started.
2021-03-23T13:18:03-00:00 [INFO] [application]: Starting Opium on 0.0.0.0:3000
2021-03-23T13:18:19-00:00 [INFO] [sihl.core.app]: Setting up...
2021-03-23T13:18:19-00:00 [INFO] [sihl.core.configuration]: SIHL_ENV: development
2021-03-23T13:18:19-00:00 [INFO] [sihl.core.container]: Starting...
2021-03-23T13:18:19-00:00 [INFO] [sihl.service.database]: Create pool with size 10
2021-03-23T13:18:19-00:00 [INFO] [sihl.core.container]: All services started.
2021-03-23T13:18:19-00:00 [INFO] [application]: Starting Opium on 0.0.0.0:3000
2021-03-23T13:18:31-00:00 [INFO] [sihl.core.app]: Setting up...
2021-03-23T13:18:31-00:00 [INFO] [sihl.core.configuration]: SIHL_ENV: development
2021-03-23T13:18:31-00:00 [INFO] [sihl.core.container]: Starting...
2021-03-23T13:18:31-00:00 [INFO] [sihl.service.database]: Create pool with size 10
2021-03-23T13:18:31-00:00 [INFO] [sihl.core.container]: All services started.
2021-03-23T13:18:31-00:00 [INFO] [application]: Starting Opium on 0.0.0.0:3000
2021-03-23T13:18:36-00:00 [INFO] [sihl.core.app]: Setting up...
2021-03-23T13:18:36-00:00 [INFO] [sihl.core.configuration]: SIHL_ENV: development
2021-03-23T13:18:36-00:00 [INFO] [sihl.core.container]: Starting...
2021-03-23T13:18:36-00:00 [INFO] [sihl.service.database]: Create pool with size 10
2021-03-23T13:18:36-00:00 [INFO] [sihl.core.container]: All services started.
2021-03-23T13:18:36-00:00 [INFO] [application]: Starting Opium on 0.0.0.0:3000
2021-03-23T13:19:20-00:00 [INFO] [sihl.core.app]: Setting up...
2021-03-23T13:19:20-00:00 [INFO] [sihl.core.configuration]: SIHL_ENV: development
2021-03-23T13:19:20-00:00 [INFO] [sihl.core.container]: Starting...
2021-03-23T13:19:20-00:00 [INFO] [sihl.service.database]: Create pool with size 10
2021-03-23T13:19:20-00:00 [INFO] [sihl.core.container]: All services started.
2021-03-23T13:19:20-00:00 [INFO] [application]: Starting Opium on 0.0.0.0:3000
2021-03-23T13:20:25-00:00 [INFO] [sihl.core.app]: Setting up...
2021-03-23T13:20:25-00:00 [INFO] [sihl.core.configuration]: SIHL_ENV: development
2021-03-23T13:20:25-00:00 [INFO] [sihl.core.container]: Starting...
2021-03-23T13:20:25-00:00 [INFO] [sihl.service.database]: Create pool with size 10
2021-03-23T13:20:25-00:00 [INFO] [sihl.core.container]: All services started.
2021-03-23T13:20:25-00:00 [INFO] [application]: Starting Opium on 0.0.0.0:3000
2021-03-23T13:20:28-00:00 [INFO] [sihl.core.app]: Setting up...
2021-03-23T13:20:28-00:00 [INFO] [sihl.core.configuration]: SIHL_ENV: development
2021-03-23T13:20:28-00:00 [INFO] [sihl.core.container]: Starting...
2021-03-23T13:20:28-00:00 [INFO] [sihl.service.database]: Create pool with size 10
2021-03-23T13:20:28-00:00 [INFO] [sihl.core.container]: All services started.
2021-03-23T13:20:28-00:00 [INFO] [application]: Starting Opium on 0.0.0.0:3000
2021-03-23T13:20:30-00:00 [INFO] [sihl.core.app]: Setting up...
2021-03-23T13:20:30-00:00 [INFO] [sihl.core.configuration]: SIHL_ENV: development
2021-03-23T13:20:30-00:00 [INFO] [sihl.core.container]: Starting...
2021-03-23T13:20:30-00:00 [INFO] [sihl.service.database]: Create pool with size 10
2021-03-23T13:20:30-00:00 [INFO] [sihl.core.container]: All services started.
2021-03-23T13:20:30-00:00 [INFO] [application]: Starting Opium on 0.0.0.0:3000
2021-03-23T13:20:44-00:00 [INFO] [sihl.core.app]: Setting up...
2021-03-23T13:20:44-00:00 [INFO] [sihl.core.configuration]: SIHL_ENV: development
2021-03-23T13:20:44-00:00 [INFO] [sihl.core.container]: Starting...
2021-03-23T13:20:44-00:00 [INFO] [sihl.service.database]: Create pool with size 10
2021-03-23T13:20:44-00:00 [INFO] [sihl.core.container]: All services started.
2021-03-23T13:20:44-00:00 [INFO] [application]: Starting Opium on 0.0.0.0:3000
2021-03-23T13:21:01-00:00 [INFO] [sihl.core.app]: Setting up...
2021-03-23T13:21:01-00:00 [INFO] [sihl.core.configuration]: SIHL_ENV: development
2021-03-23T13:21:01-00:00 [INFO] [sihl.core.container]: Starting...
2021-03-23T13:21:01-00:00 [INFO] [sihl.service.database]: Create pool with size 10
2021-03-23T13:21:01-00:00 [INFO] [sihl.core.container]: All services started.
2021-03-23T13:21:01-00:00 [INFO] [application]: Starting Opium on 0.0.0.0:3000
2021-03-23T13:21:04-00:00 [INFO] [sihl.core.app]: Setting up...
2021-03-23T13:21:04-00:00 [INFO] [sihl.core.configuration]: SIHL_ENV: development
2021-03-23T13:21:04-00:00 [INFO] [sihl.core.container]: Starting...
2021-03-23T13:21:04-00:00 [INFO] [sihl.service.database]: Create pool with size 10
2021-03-23T13:21:04-00:00 [INFO] [sihl.core.container]: All services started.
2021-03-23T13:21:04-00:00 [INFO] [application]: Starting Opium on 0.0.0.0:3000
2021-03-23T13:22:57-00:00 [INFO] [sihl.core.app]: Setting up...
2021-03-23T13:22:57-00:00 [INFO] [sihl.core.configuration]: SIHL_ENV: development
2021-03-23T13:22:57-00:00 [INFO] [sihl.core.container]: Starting...
2021-03-23T13:22:57-00:00 [INFO] [sihl.service.database]: Create pool with size 10
2021-03-23T13:22:57-00:00 [INFO] [sihl.core.container]: All services started.
2021-03-23T13:22:57-00:00 [INFO] [application]: Starting Opium on 0.0.0.0:3000
2021-03-23T13:23:30-00:00 [INFO] [sihl.core.app]: Setting up...
2021-03-23T13:23:30-00:00 [INFO] [sihl.core.configuration]: SIHL_ENV: development
2021-03-23T13:23:30-00:00 [INFO] [sihl.core.container]: Starting...
2021-03-23T13:23:30-00:00 [INFO] [sihl.service.database]: Create pool with size 10
2021-03-23T13:23:30-00:00 [INFO] [sihl.core.container]: All services started.
2021-03-23T13:23:30-00:00 [INFO] [application]: Starting Opium on 0.0.0.0:3000
2021-03-23T13:23:32-00:00 [INFO] [sihl.core.app]: Setting up...
2021-03-23T13:23:32-00:00 [INFO] [sihl.core.configuration]: SIHL_ENV: development
2021-03-23T13:23:32-00:00 [INFO] [sihl.core.container]: Starting...
2021-03-23T13:23:32-00:00 [INFO] [sihl.service.database]: Create pool with size 10
2021-03-23T13:23:32-00:00 [INFO] [sihl.core.container]: All services started.
2021-03-23T13:23:32-00:00 [INFO] [application]: Starting Opium on 0.0.0.0:3000
2021-03-23T13:23:52-00:00 [INFO] [sihl.core.app]: Setting up...
2021-03-23T13:23:52-00:00 [INFO] [sihl.core.configuration]: SIHL_ENV: development
2021-03-23T13:23:52-00:00 [INFO] [sihl.core.container]: Starting...
2021-03-23T13:23:52-00:00 [INFO] [sihl.service.database]: Create pool with size 10
2021-03-23T13:23:52-00:00 [INFO] [sihl.core.container]: All services started.
2021-03-23T13:23:52-00:00 [INFO] [application]: Starting Opium on 0.0.0.0:3000
2021-03-23T13:23:54-00:00 [INFO] [sihl.core.app]: Setting up...
2021-03-23T13:23:54-00:00 [INFO] [sihl.core.configuration]: SIHL_ENV: development
2021-03-23T13:23:54-00:00 [INFO] [sihl.core.container]: Starting...
2021-03-23T13:23:54-00:00 [INFO] [sihl.service.database]: Create pool with size 10
2021-03-23T13:23:54-00:00 [INFO] [sihl.core.container]: All services started.
2021-03-23T13:23:54-00:00 [INFO] [application]: Starting Opium on 0.0.0.0:3000
2021-03-23T13:24:25-00:00 [INFO] [sihl.core.app]: Setting up...
2021-03-23T13:24:25-00:00 [INFO] [sihl.core.configuration]: SIHL_ENV: development
2021-03-23T13:24:25-00:00 [INFO] [sihl.core.container]: Starting...
2021-03-23T13:24:25-00:00 [INFO] [sihl.service.database]: Create pool with size 10
2021-03-23T13:24:25-00:00 [INFO] [sihl.core.container]: All services started.
2021-03-23T13:24:25-00:00 [INFO] [application]: Starting Opium on 0.0.0.0:3000
2021-03-23T13:24:27-00:00 [INFO] [sihl.core.app]: Setting up...
2021-03-23T13:24:27-00:00 [INFO] [sihl.core.configuration]: SIHL_ENV: development
2021-03-23T13:24:27-00:00 [INFO] [sihl.core.container]: Starting...
2021-03-23T13:24:27-00:00 [INFO] [sihl.service.database]: Create pool with size 10
2021-03-23T13:24:27-00:00 [INFO] [sihl.core.container]: All services started.
2021-03-23T13:24:27-00:00 [INFO] [application]: Starting Opium on 0.0.0.0:3000
2021-03-23T13:24:45-00:00 [INFO] [sihl.core.app]: Setting up...
2021-03-23T13:24:45-00:00 [INFO] [sihl.core.configuration]: SIHL_ENV: development
2021-03-23T13:24:45-00:00 [INFO] [sihl.core.container]: Starting...
2021-03-23T13:24:45-00:00 [INFO] [sihl.service.database]: Create pool with size 10
2021-03-23T13:24:45-00:00 [INFO] [sihl.core.container]: All services started.
2021-03-23T13:24:45-00:00 [INFO] [application]: Starting Opium on 0.0.0.0:3000
2021-03-23T13:24:49-00:00 [INFO] [sihl.core.app]: Setting up...
2021-03-23T13:24:49-00:00 [INFO] [sihl.core.configuration]: SIHL_ENV: development
2021-03-23T13:24:49-00:00 [INFO] [sihl.core.container]: Starting...
2021-03-23T13:24:49-00:00 [INFO] [sihl.service.database]: Create pool with size 10
2021-03-23T13:24:49-00:00 [INFO] [sihl.core.container]: All services started.
2021-03-23T13:24:49-00:00 [INFO] [application]: Starting Opium on 0.0.0.0:3000
2021-03-23T13:28:49-00:00 [INFO] [sihl.core.app]: Setting up...
2021-03-23T13:28:49-00:00 [INFO] [sihl.core.configuration]: SIHL_ENV: development
2021-03-23T13:28:49-00:00 [INFO] [sihl.core.container]: Starting...
2021-03-23T13:28:49-00:00 [INFO] [sihl.service.database]: Create pool with size 10
2021-03-23T13:28:49-00:00 [INFO] [sihl.core.container]: All services started.
2021-03-23T13:28:49-00:00 [INFO] [application]: Starting Opium on 0.0.0.0:3000
2021-03-23T13:29:13-00:00 [INFO] [sihl.core.app]: Setting up...
2021-03-23T13:29:13-00:00 [INFO] [sihl.core.configuration]: SIHL_ENV: development
2021-03-23T13:29:13-00:00 [INFO] [sihl.core.container]: Starting...
2021-03-23T13:29:13-00:00 [INFO] [sihl.service.database]: Create pool with size 10
2021-03-23T13:29:13-00:00 [INFO] [sihl.core.container]: All services started.
2021-03-23T13:29:13-00:00 [INFO] [application]: Starting Opium on 0.0.0.0:3000
2021-03-23T13:30:25-00:00 [INFO] [sihl.core.app]: Setting up...
2021-03-23T13:30:25-00:00 [INFO] [sihl.core.configuration]: SIHL_ENV: development
2021-03-23T13:30:25-00:00 [INFO] [sihl.core.container]: Starting...
2021-03-23T13:30:25-00:00 [INFO] [sihl.service.database]: Create pool with size 10
2021-03-23T13:30:25-00:00 [INFO] [sihl.core.container]: All services started.
2021-03-23T13:30:25-00:00 [INFO] [application]: Starting Opium on 0.0.0.0:3000
2021-03-23T13:30:35-00:00 [INFO] [sihl.core.app]: Setting up...
2021-03-23T13:30:35-00:00 [INFO] [sihl.core.configuration]: SIHL_ENV: development
2021-03-23T13:30:35-00:00 [INFO] [sihl.core.container]: Starting...
2021-03-23T13:30:35-00:00 [INFO] [sihl.service.database]: Create pool with size 10
2021-03-23T13:30:35-00:00 [INFO] [sihl.core.container]: All services started.
2021-03-23T13:30:35-00:00 [INFO] [application]: Starting Opium on 0.0.0.0:3000
2021-03-23T13:31:01-00:00 [INFO] [sihl.core.app]: Setting up...
2021-03-23T13:31:01-00:00 [INFO] [sihl.core.configuration]: SIHL_ENV: development
2021-03-23T13:31:01-00:00 [INFO] [sihl.core.container]: Starting...
2021-03-23T13:31:01-00:00 [INFO] [sihl.service.database]: Create pool with size 10
2021-03-23T13:31:01-00:00 [INFO] [sihl.core.container]: All services started.
2021-03-23T13:31:01-00:00 [INFO] [application]: Starting Opium on 0.0.0.0:3000
2021-03-23T13:31:04-00:00 [INFO] [sihl.core.app]: Setting up...
2021-03-23T13:31:04-00:00 [INFO] [sihl.core.configuration]: SIHL_ENV: development
2021-03-23T13:31:04-00:00 [INFO] [sihl.core.container]: Starting...
2021-03-23T13:31:04-00:00 [INFO] [sihl.service.database]: Create pool with size 10
2021-03-23T13:31:04-00:00 [INFO] [sihl.core.container]: All services started.
2021-03-23T13:31:04-00:00 [INFO] [application]: Starting Opium on 0.0.0.0:3000
2021-03-23T13:31:05-00:00 [INFO] [sihl.core.app]: Setting up...
2021-03-23T13:31:05-00:00 [INFO] [sihl.core.configuration]: SIHL_ENV: development
2021-03-23T13:31:05-00:00 [INFO] [sihl.core.container]: Starting...
2021-03-23T13:31:05-00:00 [INFO] [sihl.service.database]: Create pool with size 10
2021-03-23T13:31:05-00:00 [INFO] [sihl.core.container]: All services started.
2021-03-23T13:31:05-00:00 [INFO] [application]: Starting Opium on 0.0.0.0:3000
2021-03-23T13:31:23-00:00 [INFO] [sihl.core.app]: Setting up...
2021-03-23T13:31:23-00:00 [INFO] [sihl.core.configuration]: SIHL_ENV: development
2021-03-23T13:31:23-00:00 [INFO] [sihl.core.container]: Starting...
2021-03-23T13:31:23-00:00 [INFO] [sihl.service.database]: Create pool with size 10
2021-03-23T13:31:23-00:00 [INFO] [sihl.core.container]: All services started.
2021-03-23T13:31:23-00:00 [INFO] [application]: Starting Opium on 0.0.0.0:3000
2021-03-23T13:31:24-00:00 [INFO] [sihl.core.app]: Setting up...
2021-03-23T13:31:24-00:00 [INFO] [sihl.core.configuration]: SIHL_ENV: development
2021-03-23T13:31:24-00:00 [INFO] [sihl.core.container]: Starting...
2021-03-23T13:31:24-00:00 [INFO] [sihl.service.database]: Create pool with size 10
2021-03-23T13:31:24-00:00 [INFO] [sihl.core.container]: All services started.
2021-03-23T13:31:24-00:00 [INFO] [application]: Starting Opium on 0.0.0.0:3000
2021-03-23T13:31:30-00:00 [INFO] [sihl.core.app]: Setting up...
2021-03-23T13:31:30-00:00 [INFO] [sihl.core.configuration]: SIHL_ENV: development
2021-03-23T13:31:30-00:00 [INFO] [sihl.core.container]: Starting...
2021-03-23T13:31:30-00:00 [INFO] [sihl.service.database]: Create pool with size 10
2021-03-23T13:31:30-00:00 [INFO] [sihl.core.container]: All services started.
2021-03-23T13:31:30-00:00 [INFO] [application]: Starting Opium on 0.0.0.0:3000
2021-03-23T13:32:27-00:00 [INFO] [sihl.core.app]: Setting up...
2021-03-23T13:32:27-00:00 [INFO] [sihl.core.configuration]: SIHL_ENV: development
2021-03-23T13:32:27-00:00 [INFO] [sihl.core.container]: Starting...
2021-03-23T13:32:27-00:00 [INFO] [sihl.service.database]: Create pool with size 10
2021-03-23T13:32:27-00:00 [INFO] [sihl.core.container]: All services started.
2021-03-23T13:32:27-00:00 [INFO] [application]: Starting Opium on 0.0.0.0:3000
2021-03-23T13:32:28-00:00 [INFO] [sihl.core.app]: Setting up...
2021-03-23T13:32:28-00:00 [INFO] [sihl.core.configuration]: SIHL_ENV: development
2021-03-23T13:32:28-00:00 [INFO] [sihl.core.container]: Starting...
2021-03-23T13:32:28-00:00 [INFO] [sihl.service.database]: Create pool with size 10
2021-03-23T13:32:28-00:00 [INFO] [sihl.core.container]: All services started.
2021-03-23T13:32:28-00:00 [INFO] [application]: Starting Opium on 0.0.0.0:3000
2021-03-23T13:32:45-00:00 [INFO] [sihl.core.app]: Setting up...
2021-03-23T13:32:45-00:00 [INFO] [sihl.core.configuration]: SIHL_ENV: development
2021-03-23T13:32:45-00:00 [INFO] [sihl.core.container]: Starting...
2021-03-23T13:32:45-00:00 [INFO] [sihl.service.database]: Create pool with size 10
2021-03-23T13:32:45-00:00 [INFO] [sihl.core.container]: All services started.
2021-03-23T13:32:45-00:00 [INFO] [application]: Starting Opium on 0.0.0.0:3000
2021-03-23T13:35:17-00:00 [INFO] [sihl.core.app]: Setting up...
2021-03-23T13:35:17-00:00 [INFO] [sihl.core.configuration]: SIHL_ENV: development
2021-03-23T13:35:17-00:00 [INFO] [sihl.core.container]: Starting...
2021-03-23T13:35:17-00:00 [INFO] [sihl.service.database]: Create pool with size 10
2021-03-23T13:35:17-00:00 [INFO] [sihl.core.container]: All services started.
2021-03-23T13:35:17-00:00 [INFO] [application]: Starting Opium on 0.0.0.0:3000
2021-03-23T13:39:30-00:00 [INFO] [sihl.core.app]: Setting up...
2021-03-23T13:39:30-00:00 [INFO] [sihl.core.configuration]: SIHL_ENV: development
2021-03-23T13:39:30-00:00 [INFO] [sihl.core.container]: Starting...
2021-03-23T13:39:30-00:00 [INFO] [sihl.service.database]: Create pool with size 10
2021-03-23T13:39:30-00:00 [INFO] [sihl.core.container]: All services started.
2021-03-23T13:39:30-00:00 [INFO] [application]: Starting Opium on 0.0.0.0:3000
2021-03-23T13:39:33-00:00 [INFO] [sihl.core.app]: Setting up...
2021-03-23T13:39:33-00:00 [INFO] [sihl.core.configuration]: SIHL_ENV: development
2021-03-23T13:39:33-00:00 [INFO] [sihl.core.container]: Starting...
2021-03-23T13:39:33-00:00 [INFO] [sihl.service.database]: Create pool with size 10
2021-03-23T13:39:33-00:00 [INFO] [sihl.core.container]: All services started.
2021-03-23T13:39:33-00:00 [INFO] [application]: Starting Opium on 0.0.0.0:3000
2021-03-23T13:40:30-00:00 [INFO] [sihl.core.app]: Setting up...
2021-03-23T13:40:30-00:00 [INFO] [sihl.core.configuration]: SIHL_ENV: development
2021-03-23T13:40:30-00:00 [INFO] [sihl.core.container]: Starting...
2021-03-23T13:40:30-00:00 [INFO] [sihl.service.database]: Create pool with size 10
2021-03-23T13:40:30-00:00 [INFO] [sihl.core.container]: All services started.
2021-03-23T13:40:30-00:00 [INFO] [application]: Starting Opium on 0.0.0.0:3000
2021-03-23T13:41:56-00:00 [INFO] [sihl.core.app]: Setting up...
2021-03-23T13:41:56-00:00 [INFO] [sihl.core.configuration]: SIHL_ENV: development
2021-03-23T13:41:56-00:00 [INFO] [sihl.core.container]: Starting...
2021-03-23T13:41:56-00:00 [INFO] [sihl.service.database]: Create pool with size 10
2021-03-23T13:41:56-00:00 [INFO] [sihl.core.container]: All services started.
2021-03-23T13:41:56-00:00 [INFO] [application]: Starting Opium on 0.0.0.0:3000
2021-03-23T13:42:46-00:00 [INFO] [sihl.core.app]: Setting up...
2021-03-23T13:42:46-00:00 [INFO] [sihl.core.configuration]: SIHL_ENV: development
2021-03-23T13:42:46-00:00 [INFO] [sihl.core.container]: Starting...
2021-03-23T13:42:46-00:00 [INFO] [sihl.service.database]: Create pool with size 10
2021-03-23T13:42:46-00:00 [INFO] [sihl.core.container]: All services started.
2021-03-23T13:42:46-00:00 [INFO] [application]: Starting Opium on 0.0.0.0:3000
2021-03-23T13:42:50-00:00 [INFO] [sihl.core.app]: Setting up...
2021-03-23T13:42:50-00:00 [INFO] [sihl.core.configuration]: SIHL_ENV: development
2021-03-23T13:42:50-00:00 [INFO] [sihl.core.container]: Starting...
2021-03-23T13:42:50-00:00 [INFO] [sihl.service.database]: Create pool with size 10
2021-03-23T13:42:51-00:00 [INFO] [sihl.core.container]: All services started.
2021-03-23T13:42:51-00:00 [INFO] [application]: Starting Opium on 0.0.0.0:3000
2021-03-23T13:42:55-00:00 [INFO] [sihl.core.app]: Setting up...
2021-03-23T13:42:55-00:00 [INFO] [sihl.core.configuration]: SIHL_ENV: development
2021-03-23T13:42:55-00:00 [INFO] [sihl.core.container]: Starting...
2021-03-23T13:42:55-00:00 [INFO] [sihl.service.database]: Create pool with size 10
2021-03-23T13:42:55-00:00 [INFO] [sihl.core.container]: All services started.
2021-03-23T13:42:55-00:00 [INFO] [application]: Starting Opium on 0.0.0.0:3000
2021-03-23T13:44:24-00:00 [INFO] [sihl.core.app]: Setting up...
2021-03-23T13:44:24-00:00 [INFO] [sihl.core.configuration]: SIHL_ENV: development
2021-03-23T13:44:24-00:00 [INFO] [sihl.core.container]: Starting...
2021-03-23T13:44:24-00:00 [INFO] [sihl.service.database]: Create pool with size 10
2021-03-23T13:44:24-00:00 [INFO] [sihl.core.container]: All services started.
2021-03-23T13:44:24-00:00 [INFO] [application]: Starting Opium on 0.0.0.0:3000
2021-03-23T13:44:26-00:00 [INFO] [sihl.core.app]: Setting up...
2021-03-23T13:44:26-00:00 [INFO] [sihl.core.configuration]: SIHL_ENV: development
2021-03-23T13:44:26-00:00 [INFO] [sihl.core.container]: Starting...
2021-03-23T13:44:26-00:00 [INFO] [sihl.service.database]: Create pool with size 10
2021-03-23T13:44:26-00:00 [INFO] [sihl.core.container]: All services started.
2021-03-23T13:44:26-00:00 [INFO] [application]: Starting Opium on 0.0.0.0:3000
2021-03-23T13:44:38-00:00 [INFO] [sihl.core.app]: Setting up...
2021-03-23T13:44:38-00:00 [INFO] [sihl.core.configuration]: SIHL_ENV: development
2021-03-23T13:44:38-00:00 [INFO] [sihl.core.container]: Starting...
2021-03-23T13:44:38-00:00 [INFO] [sihl.service.database]: Create pool with size 10
2021-03-23T13:44:38-00:00 [INFO] [sihl.core.container]: All services started.
2021-03-23T13:44:38-00:00 [INFO] [application]: Starting Opium on 0.0.0.0:3000
2021-03-23T13:44:39-00:00 [INFO] [sihl.core.app]: Setting up...
2021-03-23T13:44:39-00:00 [INFO] [sihl.core.configuration]: SIHL_ENV: development
2021-03-23T13:44:39-00:00 [INFO] [sihl.core.container]: Starting...
2021-03-23T13:44:39-00:00 [INFO] [sihl.service.database]: Create pool with size 10
2021-03-23T13:44:39-00:00 [INFO] [sihl.core.container]: All services started.
2021-03-23T13:44:39-00:00 [INFO] [application]: Starting Opium on 0.0.0.0:3000
2021-03-23T13:44:47-00:00 [INFO] [sihl.core.app]: Setting up...
2021-03-23T13:44:47-00:00 [INFO] [sihl.core.configuration]: SIHL_ENV: development
2021-03-23T13:44:47-00:00 [INFO] [sihl.core.container]: Starting...
2021-03-23T13:44:47-00:00 [INFO] [sihl.service.database]: Create pool with size 10
2021-03-23T13:44:47-00:00 [INFO] [sihl.core.container]: All services started.
2021-03-23T13:44:47-00:00 [INFO] [application]: Starting Opium on 0.0.0.0:3000
2021-03-23T13:44:52-00:00 [INFO] [sihl.core.app]: Setting up...
2021-03-23T13:44:52-00:00 [INFO] [sihl.core.configuration]: SIHL_ENV: development
2021-03-23T13:44:52-00:00 [INFO] [sihl.core.container]: Starting...
2021-03-23T13:44:52-00:00 [INFO] [sihl.service.database]: Create pool with size 10
2021-03-23T13:44:52-00:00 [INFO] [sihl.core.container]: All services started.
2021-03-23T13:44:52-00:00 [INFO] [application]: Starting Opium on 0.0.0.0:3000
2021-03-23T13:45:46-00:00 [INFO] [sihl.core.app]: Setting up...
2021-03-23T13:45:46-00:00 [INFO] [sihl.core.configuration]: SIHL_ENV: development
2021-03-23T13:45:46-00:00 [INFO] [sihl.core.container]: Starting...
2021-03-23T13:45:46-00:00 [INFO] [sihl.service.database]: Create pool with size 10
2021-03-23T13:45:46-00:00 [INFO] [sihl.core.container]: All services started.
2021-03-23T13:45:46-00:00 [INFO] [application]: Starting Opium on 0.0.0.0:3000
2021-03-23T13:46:39-00:00 [INFO] [sihl.core.app]: Setting up...
2021-03-23T13:46:39-00:00 [INFO] [sihl.core.configuration]: SIHL_ENV: development
2021-03-23T13:46:39-00:00 [INFO] [sihl.core.container]: Starting...
2021-03-23T13:46:39-00:00 [INFO] [sihl.service.database]: Create pool with size 10
2021-03-23T13:46:39-00:00 [INFO] [sihl.core.container]: All services started.
2021-03-23T13:46:39-00:00 [INFO] [application]: Starting Opium on 0.0.0.0:3000
2021-03-23T13:46:43-00:00 [INFO] [sihl.core.app]: Setting up...
2021-03-23T13:46:43-00:00 [INFO] [sihl.core.configuration]: SIHL_ENV: development
2021-03-23T13:46:43-00:00 [INFO] [sihl.core.container]: Starting...
2021-03-23T13:46:43-00:00 [INFO] [sihl.service.database]: Create pool with size 10
2021-03-23T13:46:43-00:00 [INFO] [sihl.core.container]: All services started.
2021-03-23T13:46:43-00:00 [INFO] [application]: Starting Opium on 0.0.0.0:3000
2021-03-23T13:46:56-00:00 [INFO] [sihl.core.app]: Setting up...
2021-03-23T13:46:56-00:00 [INFO] [sihl.core.configuration]: SIHL_ENV: development
2021-03-23T13:46:56-00:00 [INFO] [sihl.core.container]: Starting...
2021-03-23T13:46:56-00:00 [INFO] [sihl.service.database]: Create pool with size 10
2021-03-23T13:46:56-00:00 [INFO] [sihl.core.container]: All services started.
2021-03-23T13:46:56-00:00 [INFO] [application]: Starting Opium on 0.0.0.0:3000
2021-03-23T13:48:00-00:00 [INFO] [sihl.core.app]: Setting up...
2021-03-23T13:48:00-00:00 [INFO] [sihl.core.configuration]: SIHL_ENV: development
2021-03-23T13:48:00-00:00 [INFO] [sihl.core.container]: Starting...
2021-03-23T13:48:00-00:00 [INFO] [sihl.service.database]: Create pool with size 10
2021-03-23T13:48:00-00:00 [INFO] [sihl.core.container]: All services started.
2021-03-23T13:48:00-00:00 [INFO] [application]: Starting Opium on 0.0.0.0:3000
2021-03-23T13:48:49-00:00 [INFO] [sihl.core.app]: Setting up...
2021-03-23T13:48:49-00:00 [INFO] [sihl.core.configuration]: SIHL_ENV: development
2021-03-23T13:48:49-00:00 [INFO] [sihl.core.container]: Starting...
2021-03-23T13:48:49-00:00 [INFO] [sihl.service.database]: Create pool with size 10
2021-03-23T13:48:49-00:00 [INFO] [sihl.core.container]: All services started.
2021-03-23T13:48:49-00:00 [INFO] [application]: Starting Opium on 0.0.0.0:3000
2021-03-23T13:48:51-00:00 [INFO] [sihl.core.app]: Setting up...
2021-03-23T13:48:51-00:00 [INFO] [sihl.core.configuration]: SIHL_ENV: development
2021-03-23T13:48:51-00:00 [INFO] [sihl.core.container]: Starting...
2021-03-23T13:48:51-00:00 [INFO] [sihl.service.database]: Create pool with size 10
2021-03-23T13:48:51-00:00 [INFO] [sihl.core.container]: All services started.
2021-03-23T13:48:51-00:00 [INFO] [application]: Starting Opium on 0.0.0.0:3000
2021-03-23T13:49:55-00:00 [INFO] [sihl.core.app]: Setting up...
2021-03-23T13:49:55-00:00 [INFO] [sihl.core.configuration]: SIHL_ENV: development
2021-03-23T13:49:55-00:00 [INFO] [sihl.core.container]: Starting...
2021-03-23T13:49:55-00:00 [INFO] [sihl.service.database]: Create pool with size 10
2021-03-23T13:49:55-00:00 [INFO] [sihl.core.container]: All services started.
2021-03-23T13:49:55-00:00 [INFO] [application]: Starting Opium on 0.0.0.0:3000
2021-03-23T13:50:15-00:00 [INFO] [sihl.core.app]: Setting up...
2021-03-23T13:50:15-00:00 [INFO] [sihl.core.configuration]: SIHL_ENV: development
2021-03-23T13:50:15-00:00 [INFO] [sihl.core.container]: Starting...
2021-03-23T13:50:15-00:00 [INFO] [sihl.service.database]: Create pool with size 10
2021-03-23T13:50:15-00:00 [INFO] [sihl.core.container]: All services started.
2021-03-23T13:50:15-00:00 [INFO] [application]: Starting Opium on 0.0.0.0:3000
2021-03-23T13:50:17-00:00 [INFO] [sihl.core.app]: Setting up...
2021-03-23T13:50:17-00:00 [INFO] [sihl.core.configuration]: SIHL_ENV: development
2021-03-23T13:50:17-00:00 [INFO] [sihl.core.container]: Starting...
2021-03-23T13:50:17-00:00 [INFO] [sihl.service.database]: Create pool with size 10
2021-03-23T13:50:17-00:00 [INFO] [sihl.core.container]: All services started.
2021-03-23T13:50:17-00:00 [INFO] [application]: Starting Opium on 0.0.0.0:3000
2021-03-23T13:50:39-00:00 [INFO] [sihl.core.app]: Setting up...
2021-03-23T13:50:39-00:00 [INFO] [sihl.core.configuration]: SIHL_ENV: development
2021-03-23T13:50:39-00:00 [INFO] [sihl.core.container]: Starting...
2021-03-23T13:50:39-00:00 [INFO] [sihl.service.database]: Create pool with size 10
2021-03-23T13:50:39-00:00 [INFO] [sihl.core.container]: All services started.
2021-03-23T13:50:39-00:00 [INFO] [application]: Starting Opium on 0.0.0.0:3000
2021-03-23T13:51:50-00:00 [INFO] [sihl.core.app]: Setting up...
2021-03-23T13:51:50-00:00 [INFO] [sihl.core.configuration]: SIHL_ENV: development
2021-03-23T13:51:50-00:00 [INFO] [sihl.core.container]: Starting...
2021-03-23T13:51:50-00:00 [INFO] [sihl.service.database]: Create pool with size 10
2021-03-23T13:51:50-00:00 [INFO] [sihl.core.container]: All services started.
2021-03-23T13:51:50-00:00 [INFO] [application]: Starting Opium on 0.0.0.0:3000
2021-03-23T13:52:00-00:00 [INFO] [sihl.core.app]: Setting up...
2021-03-23T13:52:00-00:00 [INFO] [sihl.core.configuration]: SIHL_ENV: development
2021-03-23T13:52:00-00:00 [INFO] [sihl.core.container]: Starting...
2021-03-23T13:52:00-00:00 [INFO] [sihl.service.database]: Create pool with size 10
2021-03-23T13:52:00-00:00 [INFO] [sihl.core.container]: All services started.
2021-03-23T13:52:00-00:00 [INFO] [application]: Starting Opium on 0.0.0.0:3000
2021-03-23T13:54:23-00:00 [INFO] [sihl.core.app]: Setting up...
2021-03-23T13:54:23-00:00 [INFO] [sihl.core.configuration]: SIHL_ENV: development
2021-03-23T13:54:23-00:00 [INFO] [sihl.core.container]: Starting...
2021-03-23T13:54:23-00:00 [INFO] [sihl.service.database]: Create pool with size 10
2021-03-23T13:54:23-00:00 [INFO] [sihl.core.container]: All services started.
2021-03-23T13:54:23-00:00 [INFO] [application]: Starting Opium on 0.0.0.0:3000
2021-03-23T13:54:28-00:00 [INFO] [sihl.core.app]: Setting up...
2021-03-23T13:54:28-00:00 [INFO] [sihl.core.configuration]: SIHL_ENV: development
2021-03-23T13:54:28-00:00 [INFO] [sihl.core.container]: Starting...
2021-03-23T13:54:28-00:00 [INFO] [sihl.service.database]: Create pool with size 10
2021-03-23T13:54:28-00:00 [INFO] [sihl.core.container]: All services started.
2021-03-23T13:54:28-00:00 [INFO] [application]: Starting Opium on 0.0.0.0:3000
2021-03-23T13:54:48-00:00 [INFO] [sihl.core.app]: Setting up...
2021-03-23T13:54:48-00:00 [INFO] [sihl.core.configuration]: SIHL_ENV: development
2021-03-23T13:54:48-00:00 [INFO] [sihl.core.container]: Starting...
2021-03-23T13:54:48-00:00 [INFO] [sihl.service.database]: Create pool with size 10
2021-03-23T13:54:48-00:00 [INFO] [sihl.core.container]: All services started.
2021-03-23T13:54:48-00:00 [INFO] [application]: Starting Opium on 0.0.0.0:3000
2021-03-23T13:55:19-00:00 [INFO] [sihl.core.app]: Setting up...
2021-03-23T13:55:19-00:00 [INFO] [sihl.core.configuration]: SIHL_ENV: development
2021-03-23T13:55:19-00:00 [INFO] [sihl.core.container]: Starting...
2021-03-23T13:55:19-00:00 [INFO] [sihl.service.database]: Create pool with size 10
2021-03-23T13:55:19-00:00 [INFO] [sihl.core.container]: All services started.
2021-03-23T13:55:19-00:00 [INFO] [application]: Starting Opium on 0.0.0.0:3000
2021-03-23T13:56:02-00:00 [INFO] [sihl.core.app]: Setting up...
2021-03-23T13:56:02-00:00 [INFO] [sihl.core.configuration]: SIHL_ENV: development
2021-03-23T13:56:02-00:00 [INFO] [sihl.core.container]: Starting...
2021-03-23T13:56:02-00:00 [INFO] [sihl.service.database]: Create pool with size 10
2021-03-23T13:56:02-00:00 [INFO] [sihl.core.container]: All services started.
2021-03-23T13:56:02-00:00 [INFO] [application]: Starting Opium on 0.0.0.0:3000
2021-03-23T13:56:07-00:00 [INFO] [sihl.core.app]: Setting up...
2021-03-23T13:56:07-00:00 [INFO] [sihl.core.configuration]: SIHL_ENV: development
2021-03-23T13:56:07-00:00 [INFO] [sihl.core.container]: Starting...
2021-03-23T13:56:07-00:00 [INFO] [sihl.service.database]: Create pool with size 10
2021-03-23T13:56:07-00:00 [INFO] [sihl.core.container]: All services started.
2021-03-23T13:56:07-00:00 [INFO] [application]: Starting Opium on 0.0.0.0:3000
2021-03-23T13:56:15-00:00 [INFO] [sihl.core.app]: Setting up...
2021-03-23T13:56:15-00:00 [INFO] [sihl.core.configuration]: SIHL_ENV: development
2021-03-23T13:56:15-00:00 [INFO] [sihl.core.container]: Starting...
2021-03-23T13:56:15-00:00 [INFO] [sihl.service.database]: Create pool with size 10
2021-03-23T13:56:15-00:00 [INFO] [sihl.core.container]: All services started.
2021-03-23T13:56:15-00:00 [INFO] [application]: Starting Opium on 0.0.0.0:3000
2021-03-23T13:57:28-00:00 [INFO] [sihl.core.app]: Setting up...
2021-03-23T13:57:28-00:00 [INFO] [sihl.core.configuration]: SIHL_ENV: development
2021-03-23T13:57:28-00:00 [INFO] [sihl.core.container]: Starting...
2021-03-23T13:57:28-00:00 [INFO] [sihl.service.database]: Create pool with size 10
2021-03-23T13:57:28-00:00 [INFO] [sihl.core.container]: All services started.
2021-03-23T13:57:28-00:00 [INFO] [application]: Starting Opium on 0.0.0.0:3000
2021-03-23T13:57:34-00:00 [INFO] [sihl.core.app]: Setting up...
2021-03-23T13:57:34-00:00 [INFO] [sihl.core.configuration]: SIHL_ENV: development
2021-03-23T13:57:34-00:00 [INFO] [sihl.core.container]: Starting...
2021-03-23T13:57:34-00:00 [INFO] [sihl.service.database]: Create pool with size 10
2021-03-23T13:57:34-00:00 [INFO] [sihl.core.container]: All services started.
2021-03-23T13:57:34-00:00 [INFO] [application]: Starting Opium on 0.0.0.0:3000
2021-03-23T13:57:36-00:00 [INFO] [sihl.core.app]: Setting up...
2021-03-23T13:57:36-00:00 [INFO] [sihl.core.configuration]: SIHL_ENV: development
2021-03-23T13:57:36-00:00 [INFO] [sihl.core.container]: Starting...
2021-03-23T13:57:36-00:00 [INFO] [sihl.service.database]: Create pool with size 10
2021-03-23T13:57:36-00:00 [INFO] [sihl.core.container]: All services started.
2021-03-23T13:57:36-00:00 [INFO] [application]: Starting Opium on 0.0.0.0:3000
2021-03-23T13:57:43-00:00 [INFO] [sihl.core.app]: Setting up...
2021-03-23T13:57:43-00:00 [INFO] [sihl.core.configuration]: SIHL_ENV: development
2021-03-23T13:57:43-00:00 [INFO] [sihl.core.container]: Starting...
2021-03-23T13:57:43-00:00 [INFO] [sihl.service.database]: Create pool with size 10
2021-03-23T13:57:43-00:00 [INFO] [sihl.core.container]: All services started.
2021-03-23T13:57:43-00:00 [INFO] [application]: Starting Opium on 0.0.0.0:3000
2021-03-23T13:57:46-00:00 [INFO] [sihl.core.app]: Setting up...
2021-03-23T13:57:46-00:00 [INFO] [sihl.core.configuration]: SIHL_ENV: development
2021-03-23T13:57:46-00:00 [INFO] [sihl.core.container]: Starting...
2021-03-23T13:57:46-00:00 [INFO] [sihl.service.database]: Create pool with size 10
2021-03-23T13:57:46-00:00 [INFO] [sihl.core.container]: All services started.
2021-03-23T13:57:46-00:00 [INFO] [application]: Starting Opium on 0.0.0.0:3000
2021-03-23T15:25:04-00:00 [INFO] [sihl.core.app]: Setting up...
2021-03-23T15:25:04-00:00 [INFO] [sihl.core.configuration]: SIHL_ENV: development
2021-03-23T15:25:04-00:00 [INFO] [sihl.core.container]: Starting...
2021-03-23T15:25:04-00:00 [INFO] [sihl.service.database]: Create pool with size 10
2021-03-23T15:25:04-00:00 [INFO] [sihl.core.container]: All services started.
2021-03-23T15:25:04-00:00 [INFO] [application]: Starting Opium on 0.0.0.0:3000
2021-03-23T15:25:18-00:00 [INFO] [sihl.core.app]: Setting up...
2021-03-23T15:25:18-00:00 [INFO] [sihl.core.configuration]: SIHL_ENV: development
2021-03-23T15:25:18-00:00 [INFO] [sihl.core.container]: Starting...
2021-03-23T15:25:18-00:00 [INFO] [sihl.service.database]: Create pool with size 10
2021-03-23T15:25:18-00:00 [INFO] [sihl.core.container]: All services started.
2021-03-23T15:25:18-00:00 [INFO] [application]: Starting Opium on 0.0.0.0:3000
2021-03-23T15:31:25-00:00 [INFO] [sihl.core.app]: Setting up...
2021-03-23T15:31:25-00:00 [INFO] [sihl.core.configuration]: SIHL_ENV: development
2021-03-23T15:31:25-00:00 [INFO] [sihl.core.container]: Starting...
2021-03-23T15:31:25-00:00 [INFO] [sihl.service.database]: Create pool with size 10
2021-03-23T15:31:25-00:00 [INFO] [sihl.core.container]: All services started.
2021-03-23T15:31:25-00:00 [INFO] [application]: Starting Opium on 0.0.0.0:3000
2021-03-23T15:31:49-00:00 [INFO] [sihl.core.app]: Setting up...
2021-03-23T15:31:49-00:00 [INFO] [sihl.core.configuration]: SIHL_ENV: development
2021-03-23T15:31:49-00:00 [INFO] [sihl.core.container]: Starting...
2021-03-23T15:31:49-00:00 [INFO] [sihl.service.database]: Create pool with size 10
2021-03-23T15:31:49-00:00 [INFO] [sihl.core.container]: All services started.
2021-03-23T15:31:49-00:00 [INFO] [application]: Starting Opium on 0.0.0.0:3000
2021-03-23T15:31:51-00:00 [INFO] [sihl.core.app]: Setting up...
2021-03-23T15:31:51-00:00 [INFO] [sihl.core.configuration]: SIHL_ENV: development
2021-03-23T15:31:51-00:00 [INFO] [sihl.core.container]: Starting...
2021-03-23T15:31:51-00:00 [INFO] [sihl.service.database]: Create pool with size 10
2021-03-23T15:31:51-00:00 [INFO] [sihl.core.container]: All services started.
2021-03-23T15:31:51-00:00 [INFO] [application]: Starting Opium on 0.0.0.0:3000
2021-03-23T15:32:34-00:00 [INFO] [sihl.core.app]: Setting up...
2021-03-23T15:32:34-00:00 [INFO] [sihl.core.configuration]: SIHL_ENV: development
2021-03-23T15:32:34-00:00 [INFO] [sihl.core.container]: Starting...
2021-03-23T15:32:34-00:00 [INFO] [sihl.service.database]: Create pool with size 10
2021-03-23T15:32:34-00:00 [INFO] [sihl.core.container]: All services started.
2021-03-23T15:32:34-00:00 [INFO] [application]: Starting Opium on 0.0.0.0:3000
2021-03-23T15:32:41-00:00 [INFO] [sihl.core.app]: Setting up...
2021-03-23T15:32:41-00:00 [INFO] [sihl.core.configuration]: SIHL_ENV: development
2021-03-23T15:32:41-00:00 [INFO] [sihl.core.container]: Starting...
2021-03-23T15:32:41-00:00 [INFO] [sihl.service.database]: Create pool with size 10
2021-03-23T15:32:41-00:00 [INFO] [sihl.core.container]: All services started.
2021-03-23T15:32:41-00:00 [INFO] [application]: Starting Opium on 0.0.0.0:3000
2021-03-23T15:32:41-00:00 [INFO] [sihl.core.app]: Setting up...
2021-03-23T15:32:41-00:00 [INFO] [sihl.core.configuration]: SIHL_ENV: development
2021-03-23T15:32:41-00:00 [INFO] [sihl.core.container]: Starting...
2021-03-23T15:32:41-00:00 [INFO] [sihl.service.database]: Create pool with size 10
2021-03-23T15:32:41-00:00 [INFO] [sihl.core.container]: All services started.
2021-03-23T15:32:41-00:00 [INFO] [application]: Starting Opium on 0.0.0.0:3000
2021-03-23T15:32:42-00:00 [INFO] [sihl.core.app]: Setting up...
2021-03-23T15:32:42-00:00 [INFO] [sihl.core.configuration]: SIHL_ENV: development
2021-03-23T15:32:42-00:00 [INFO] [sihl.core.container]: Starting...
2021-03-23T15:32:42-00:00 [INFO] [sihl.service.database]: Create pool with size 10
2021-03-23T15:32:42-00:00 [INFO] [sihl.core.container]: All services started.
2021-03-23T15:32:42-00:00 [INFO] [application]: Starting Opium on 0.0.0.0:3000
2021-03-23T15:32:42-00:00 [INFO] [sihl.core.app]: Setting up...
2021-03-23T15:32:42-00:00 [INFO] [sihl.core.configuration]: SIHL_ENV: development
2021-03-23T15:32:42-00:00 [INFO] [sihl.core.container]: Starting...
2021-03-23T15:32:42-00:00 [INFO] [sihl.service.database]: Create pool with size 10
2021-03-23T15:32:42-00:00 [INFO] [sihl.core.container]: All services started.
2021-03-23T15:32:42-00:00 [INFO] [application]: Starting Opium on 0.0.0.0:3000
2021-03-23T15:32:43-00:00 [INFO] [sihl.core.app]: Setting up...
2021-03-23T15:32:43-00:00 [INFO] [sihl.core.configuration]: SIHL_ENV: development
2021-03-23T15:32:43-00:00 [INFO] [sihl.core.container]: Starting...
2021-03-23T15:32:43-00:00 [INFO] [sihl.service.database]: Create pool with size 10
2021-03-23T15:32:43-00:00 [INFO] [sihl.core.container]: All services started.
2021-03-23T15:32:43-00:00 [INFO] [application]: Starting Opium on 0.0.0.0:3000
2021-03-23T15:32:43-00:00 [INFO] [sihl.core.app]: Setting up...
2021-03-23T15:32:43-00:00 [INFO] [sihl.core.configuration]: SIHL_ENV: development
2021-03-23T15:32:43-00:00 [INFO] [sihl.core.container]: Starting...
2021-03-23T15:32:43-00:00 [INFO] [sihl.service.database]: Create pool with size 10
2021-03-23T15:32:43-00:00 [INFO] [sihl.core.container]: All services started.
2021-03-23T15:32:43-00:00 [INFO] [application]: Starting Opium on 0.0.0.0:3000
2021-03-23T15:32:43-00:00 [INFO] [sihl.core.app]: Setting up...
2021-03-23T15:32:43-00:00 [INFO] [sihl.core.configuration]: SIHL_ENV: development
2021-03-23T15:32:43-00:00 [INFO] [sihl.core.container]: Starting...
2021-03-23T15:32:43-00:00 [INFO] [sihl.service.database]: Create pool with size 10
2021-03-23T15:32:43-00:00 [INFO] [sihl.core.container]: All services started.
2021-03-23T15:32:43-00:00 [INFO] [application]: Starting Opium on 0.0.0.0:3000
2021-03-23T15:32:43-00:00 [INFO] [sihl.core.app]: Setting up...
2021-03-23T15:32:43-00:00 [INFO] [sihl.core.configuration]: SIHL_ENV: development
2021-03-23T15:32:43-00:00 [INFO] [sihl.core.container]: Starting...
2021-03-23T15:32:43-00:00 [INFO] [sihl.service.database]: Create pool with size 10
2021-03-23T15:32:43-00:00 [INFO] [sihl.core.container]: All services started.
2021-03-23T15:32:43-00:00 [INFO] [application]: Starting Opium on 0.0.0.0:3000
2021-03-23T15:32:44-00:00 [INFO] [sihl.core.app]: Setting up...
2021-03-23T15:32:44-00:00 [INFO] [sihl.core.configuration]: SIHL_ENV: development
2021-03-23T15:32:44-00:00 [INFO] [sihl.core.container]: Starting...
2021-03-23T15:32:44-00:00 [INFO] [sihl.service.database]: Create pool with size 10
2021-03-23T15:32:44-00:00 [INFO] [sihl.core.container]: All services started.
2021-03-23T15:32:44-00:00 [INFO] [application]: Starting Opium on 0.0.0.0:3000
2021-03-23T15:32:44-00:00 [INFO] [sihl.core.app]: Setting up...
2021-03-23T15:32:44-00:00 [INFO] [sihl.core.configuration]: SIHL_ENV: development
2021-03-23T15:32:44-00:00 [INFO] [sihl.core.container]: Starting...
2021-03-23T15:32:44-00:00 [INFO] [sihl.service.database]: Create pool with size 10
2021-03-23T15:32:44-00:00 [INFO] [sihl.core.container]: All services started.
2021-03-23T15:32:44-00:00 [INFO] [application]: Starting Opium on 0.0.0.0:3000
2021-03-23T15:32:44-00:00 [INFO] [sihl.core.app]: Setting up...
2021-03-23T15:32:44-00:00 [INFO] [sihl.core.configuration]: SIHL_ENV: development
2021-03-23T15:32:44-00:00 [INFO] [sihl.core.container]: Starting...
2021-03-23T15:32:44-00:00 [INFO] [sihl.service.database]: Create pool with size 10
2021-03-23T15:32:44-00:00 [INFO] [sihl.core.container]: All services started.
2021-03-23T15:32:44-00:00 [INFO] [application]: Starting Opium on 0.0.0.0:3000
2021-03-23T15:32:45-00:00 [INFO] [sihl.core.app]: Setting up...
2021-03-23T15:32:45-00:00 [INFO] [sihl.core.configuration]: SIHL_ENV: development
2021-03-23T15:32:45-00:00 [INFO] [sihl.core.container]: Starting...
2021-03-23T15:32:45-00:00 [INFO] [sihl.service.database]: Create pool with size 10
2021-03-23T15:32:45-00:00 [INFO] [sihl.core.container]: All services started.
2021-03-23T15:32:45-00:00 [INFO] [application]: Starting Opium on 0.0.0.0:3000
2021-03-23T15:32:45-00:00 [INFO] [sihl.core.app]: Setting up...
2021-03-23T15:32:45-00:00 [INFO] [sihl.core.configuration]: SIHL_ENV: development
2021-03-23T15:32:45-00:00 [INFO] [sihl.core.container]: Starting...
2021-03-23T15:32:45-00:00 [INFO] [sihl.service.database]: Create pool with size 10
2021-03-23T15:32:45-00:00 [INFO] [sihl.core.container]: All services started.
2021-03-23T15:32:45-00:00 [INFO] [application]: Starting Opium on 0.0.0.0:3000
2021-03-23T15:32:45-00:00 [INFO] [sihl.core.app]: Setting up...
2021-03-23T15:32:45-00:00 [INFO] [sihl.core.configuration]: SIHL_ENV: development
2021-03-23T15:32:45-00:00 [INFO] [sihl.core.container]: Starting...
2021-03-23T15:32:45-00:00 [INFO] [sihl.service.database]: Create pool with size 10
2021-03-23T15:32:45-00:00 [INFO] [sihl.core.container]: All services started.
2021-03-23T15:32:45-00:00 [INFO] [application]: Starting Opium on 0.0.0.0:3000
2021-03-23T15:32:45-00:00 [INFO] [sihl.core.app]: Setting up...
2021-03-23T15:32:45-00:00 [INFO] [sihl.core.configuration]: SIHL_ENV: development
2021-03-23T15:32:45-00:00 [INFO] [sihl.core.container]: Starting...
2021-03-23T15:32:45-00:00 [INFO] [sihl.service.database]: Create pool with size 10
2021-03-23T15:32:45-00:00 [INFO] [sihl.core.container]: All services started.
2021-03-23T15:32:45-00:00 [INFO] [application]: Starting Opium on 0.0.0.0:3000
2021-03-23T15:32:46-00:00 [INFO] [sihl.core.app]: Setting up...
2021-03-23T15:32:46-00:00 [INFO] [sihl.core.configuration]: SIHL_ENV: development
2021-03-23T15:32:46-00:00 [INFO] [sihl.core.container]: Starting...
2021-03-23T15:32:46-00:00 [INFO] [sihl.service.database]: Create pool with size 10
2021-03-23T15:32:46-00:00 [INFO] [sihl.core.container]: All services started.
2021-03-23T15:32:46-00:00 [INFO] [application]: Starting Opium on 0.0.0.0:3000
2021-03-23T15:32:46-00:00 [INFO] [sihl.core.app]: Setting up...
2021-03-23T15:32:46-00:00 [INFO] [sihl.core.configuration]: SIHL_ENV: development
2021-03-23T15:32:46-00:00 [INFO] [sihl.core.container]: Starting...
2021-03-23T15:32:46-00:00 [INFO] [sihl.service.database]: Create pool with size 10
2021-03-23T15:32:46-00:00 [INFO] [sihl.core.container]: All services started.
2021-03-23T15:32:46-00:00 [INFO] [application]: Starting Opium on 0.0.0.0:3000
2021-03-23T15:32:46-00:00 [INFO] [sihl.core.app]: Setting up...
2021-03-23T15:32:46-00:00 [INFO] [sihl.core.configuration]: SIHL_ENV: development
2021-03-23T15:32:46-00:00 [INFO] [sihl.core.container]: Starting...
2021-03-23T15:32:46-00:00 [INFO] [sihl.service.database]: Create pool with size 10
2021-03-23T15:32:46-00:00 [INFO] [sihl.core.container]: All services started.
2021-03-23T15:32:46-00:00 [INFO] [application]: Starting Opium on 0.0.0.0:3000
2021-03-23T15:32:46-00:00 [INFO] [sihl.core.app]: Setting up...
2021-03-23T15:32:46-00:00 [INFO] [sihl.core.configuration]: SIHL_ENV: development
2021-03-23T15:32:46-00:00 [INFO] [sihl.core.container]: Starting...
2021-03-23T15:32:46-00:00 [INFO] [sihl.service.database]: Create pool with size 10
2021-03-23T15:32:46-00:00 [INFO] [sihl.core.container]: All services started.
2021-03-23T15:32:46-00:00 [INFO] [application]: Starting Opium on 0.0.0.0:3000
2021-03-23T15:32:46-00:00 [INFO] [sihl.core.app]: Setting up...
2021-03-23T15:32:46-00:00 [INFO] [sihl.core.configuration]: SIHL_ENV: development
2021-03-23T15:32:46-00:00 [INFO] [sihl.core.container]: Starting...
2021-03-23T15:32:46-00:00 [INFO] [sihl.service.database]: Create pool with size 10
2021-03-23T15:32:46-00:00 [INFO] [sihl.core.container]: All services started.
2021-03-23T15:32:46-00:00 [INFO] [application]: Starting Opium on 0.0.0.0:3000
2021-03-23T15:32:47-00:00 [INFO] [sihl.core.app]: Setting up...
2021-03-23T15:32:47-00:00 [INFO] [sihl.core.configuration]: SIHL_ENV: development
2021-03-23T15:32:47-00:00 [INFO] [sihl.core.container]: Starting...
2021-03-23T15:32:47-00:00 [INFO] [sihl.service.database]: Create pool with size 10
2021-03-23T15:32:47-00:00 [INFO] [sihl.core.container]: All services started.
2021-03-23T15:32:47-00:00 [INFO] [application]: Starting Opium on 0.0.0.0:3000
2021-03-23T15:32:47-00:00 [INFO] [sihl.core.app]: Setting up...
2021-03-23T15:32:47-00:00 [INFO] [sihl.core.configuration]: SIHL_ENV: development
2021-03-23T15:32:47-00:00 [INFO] [sihl.core.container]: Starting...
2021-03-23T15:32:47-00:00 [INFO] [sihl.service.database]: Create pool with size 10
2021-03-23T15:32:47-00:00 [INFO] [sihl.core.container]: All services started.
2021-03-23T15:32:47-00:00 [INFO] [application]: Starting Opium on 0.0.0.0:3000
2021-03-23T15:32:47-00:00 [INFO] [sihl.core.app]: Setting up...
2021-03-23T15:32:47-00:00 [INFO] [sihl.core.configuration]: SIHL_ENV: development
2021-03-23T15:32:47-00:00 [INFO] [sihl.core.container]: Starting...
2021-03-23T15:32:47-00:00 [INFO] [sihl.service.database]: Create pool with size 10
2021-03-23T15:32:47-00:00 [INFO] [sihl.core.container]: All services started.
2021-03-23T15:32:47-00:00 [INFO] [application]: Starting Opium on 0.0.0.0:3000
2021-03-23T15:32:50-00:00 [INFO] [sihl.core.app]: Setting up...
2021-03-23T15:32:50-00:00 [INFO] [sihl.core.configuration]: SIHL_ENV: development
2021-03-23T15:32:50-00:00 [INFO] [sihl.core.container]: Starting...
2021-03-23T15:32:50-00:00 [INFO] [sihl.service.database]: Create pool with size 10
2021-03-23T15:32:50-00:00 [INFO] [sihl.core.container]: All services started.
2021-03-23T15:32:50-00:00 [INFO] [application]: Starting Opium on 0.0.0.0:3000
2021-03-23T15:32:52-00:00 [INFO] [sihl.core.app]: Setting up...
2021-03-23T15:32:52-00:00 [INFO] [sihl.core.configuration]: SIHL_ENV: development
2021-03-23T15:32:52-00:00 [INFO] [sihl.core.container]: Starting...
2021-03-23T15:32:52-00:00 [INFO] [sihl.service.database]: Create pool with size 10
2021-03-23T15:32:52-00:00 [INFO] [sihl.core.container]: All services started.
2021-03-23T15:32:52-00:00 [INFO] [application]: Starting Opium on 0.0.0.0:3000
2021-03-23T15:32:55-00:00 [INFO] [sihl.core.app]: Setting up...
2021-03-23T15:32:55-00:00 [INFO] [sihl.core.configuration]: SIHL_ENV: development
2021-03-23T15:32:55-00:00 [INFO] [sihl.core.container]: Starting...
2021-03-23T15:32:55-00:00 [INFO] [sihl.service.database]: Create pool with size 10
2021-03-23T15:32:55-00:00 [INFO] [sihl.core.container]: All services started.
2021-03-23T15:32:55-00:00 [INFO] [application]: Starting Opium on 0.0.0.0:3000
2021-03-23T15:33:04-00:00 [INFO] [sihl.core.app]: Setting up...
2021-03-23T15:33:04-00:00 [INFO] [sihl.core.configuration]: SIHL_ENV: development
2021-03-23T15:33:04-00:00 [INFO] [sihl.core.container]: Starting...
2021-03-23T15:33:04-00:00 [INFO] [sihl.service.database]: Create pool with size 10
2021-03-23T15:33:04-00:00 [INFO] [sihl.core.container]: All services started.
2021-03-23T15:33:04-00:00 [INFO] [application]: Starting Opium on 0.0.0.0:3000
2021-03-23T15:33:13-00:00 [INFO] [sihl.core.app]: Setting up...
2021-03-23T15:33:13-00:00 [INFO] [sihl.core.configuration]: SIHL_ENV: development
2021-03-23T15:33:13-00:00 [INFO] [sihl.core.container]: Starting...
2021-03-23T15:33:13-00:00 [INFO] [sihl.service.database]: Create pool with size 10
2021-03-23T15:33:13-00:00 [INFO] [sihl.core.container]: All services started.
2021-03-23T15:33:13-00:00 [INFO] [application]: Starting Opium on 0.0.0.0:3000
2021-03-23T15:33:14-00:00 [INFO] [sihl.core.app]: Setting up...
2021-03-23T15:33:14-00:00 [INFO] [sihl.core.configuration]: SIHL_ENV: development
2021-03-23T15:33:14-00:00 [INFO] [sihl.core.container]: Starting...
2021-03-23T15:33:14-00:00 [INFO] [sihl.service.database]: Create pool with size 10
2021-03-23T15:33:14-00:00 [INFO] [sihl.core.container]: All services started.
2021-03-23T15:33:14-00:00 [INFO] [application]: Starting Opium on 0.0.0.0:3000
2021-03-23T15:33:15-00:00 [INFO] [sihl.core.app]: Setting up...
2021-03-23T15:33:15-00:00 [INFO] [sihl.core.configuration]: SIHL_ENV: development
2021-03-23T15:33:15-00:00 [INFO] [sihl.core.container]: Starting...
2021-03-23T15:33:15-00:00 [INFO] [sihl.service.database]: Create pool with size 10
2021-03-23T15:33:15-00:00 [INFO] [sihl.core.container]: All services started.
2021-03-23T15:33:15-00:00 [INFO] [application]: Starting Opium on 0.0.0.0:3000
2021-03-23T15:33:17-00:00 [INFO] [sihl.core.app]: Setting up...
2021-03-23T15:33:17-00:00 [INFO] [sihl.core.configuration]: SIHL_ENV: development
2021-03-23T15:33:17-00:00 [INFO] [sihl.core.container]: Starting...
2021-03-23T15:33:17-00:00 [INFO] [sihl.service.database]: Create pool with size 10
2021-03-23T15:33:17-00:00 [INFO] [sihl.core.container]: All services started.
2021-03-23T15:33:17-00:00 [INFO] [application]: Starting Opium on 0.0.0.0:3000
2021-03-23T15:33:18-00:00 [INFO] [sihl.core.app]: Setting up...
2021-03-23T15:33:18-00:00 [INFO] [sihl.core.configuration]: SIHL_ENV: development
2021-03-23T15:33:18-00:00 [INFO] [sihl.core.container]: Starting...
2021-03-23T15:33:18-00:00 [INFO] [sihl.service.database]: Create pool with size 10
2021-03-23T15:33:18-00:00 [INFO] [sihl.core.container]: All services started.
2021-03-23T15:33:18-00:00 [INFO] [application]: Starting Opium on 0.0.0.0:3000
2021-03-23T15:33:18-00:00 [INFO] [sihl.core.app]: Setting up...
2021-03-23T15:33:18-00:00 [INFO] [sihl.core.configuration]: SIHL_ENV: development
2021-03-23T15:33:18-00:00 [INFO] [sihl.core.container]: Starting...
2021-03-23T15:33:18-00:00 [INFO] [sihl.service.database]: Create pool with size 10
2021-03-23T15:33:18-00:00 [INFO] [sihl.core.container]: All services started.
2021-03-23T15:33:18-00:00 [INFO] [application]: Starting Opium on 0.0.0.0:3000
2021-03-23T15:34:26-00:00 [INFO] [sihl.core.app]: Setting up...
2021-03-23T15:34:26-00:00 [INFO] [sihl.core.configuration]: SIHL_ENV: development
2021-03-23T15:34:26-00:00 [INFO] [sihl.core.container]: Starting...
2021-03-23T15:34:26-00:00 [INFO] [sihl.service.database]: Create pool with size 10
2021-03-23T15:34:26-00:00 [INFO] [sihl.core.container]: All services started.
2021-03-23T15:34:26-00:00 [INFO] [application]: Starting Opium on 0.0.0.0:3000
2021-03-23T15:34:27-00:00 [INFO] [sihl.core.app]: Setting up...
2021-03-23T15:34:27-00:00 [INFO] [sihl.core.configuration]: SIHL_ENV: development
2021-03-23T15:34:27-00:00 [INFO] [sihl.core.container]: Starting...
2021-03-23T15:34:27-00:00 [INFO] [sihl.service.database]: Create pool with size 10
2021-03-23T15:34:27-00:00 [INFO] [sihl.core.container]: All services started.
2021-03-23T15:34:27-00:00 [INFO] [application]: Starting Opium on 0.0.0.0:3000
2021-03-23T15:34:41-00:00 [INFO] [sihl.core.app]: Setting up...
2021-03-23T15:34:41-00:00 [INFO] [sihl.core.configuration]: SIHL_ENV: development
2021-03-23T15:34:41-00:00 [INFO] [sihl.core.container]: Starting...
2021-03-23T15:34:41-00:00 [INFO] [sihl.service.database]: Create pool with size 10
2021-03-23T15:34:41-00:00 [INFO] [sihl.core.container]: All services started.
2021-03-23T15:34:41-00:00 [INFO] [application]: Starting Opium on 0.0.0.0:3000
2021-03-23T15:35:08-00:00 [INFO] [sihl.core.app]: Setting up...
2021-03-23T15:35:08-00:00 [INFO] [sihl.core.configuration]: SIHL_ENV: development
2021-03-23T15:35:08-00:00 [INFO] [sihl.core.container]: Starting...
2021-03-23T15:35:08-00:00 [INFO] [sihl.service.database]: Create pool with size 10
2021-03-23T15:35:08-00:00 [INFO] [sihl.core.container]: All services started.
2021-03-23T15:35:08-00:00 [INFO] [application]: Starting Opium on 0.0.0.0:3000
2021-03-23T15:35:27-00:00 [INFO] [sihl.core.app]: Setting up...
2021-03-23T15:35:27-00:00 [INFO] [sihl.core.configuration]: SIHL_ENV: development
2021-03-23T15:35:27-00:00 [INFO] [sihl.core.container]: Starting...
2021-03-23T15:35:27-00:00 [INFO] [sihl.service.database]: Create pool with size 10
2021-03-23T15:35:27-00:00 [INFO] [sihl.core.container]: All services started.
2021-03-23T15:35:27-00:00 [INFO] [application]: Starting Opium on 0.0.0.0:3000
2021-03-23T15:35:30-00:00 [INFO] [sihl.core.app]: Setting up...
2021-03-23T15:35:30-00:00 [INFO] [sihl.core.configuration]: SIHL_ENV: development
2021-03-23T15:35:30-00:00 [INFO] [sihl.core.container]: Starting...
2021-03-23T15:35:30-00:00 [INFO] [sihl.service.database]: Create pool with size 10
2021-03-23T15:35:30-00:00 [INFO] [sihl.core.container]: All services started.
2021-03-23T15:35:30-00:00 [INFO] [application]: Starting Opium on 0.0.0.0:3000
2021-03-23T15:35:30-00:00 [INFO] [sihl.core.app]: Setting up...
2021-03-23T15:35:30-00:00 [INFO] [sihl.core.configuration]: SIHL_ENV: development
2021-03-23T15:35:30-00:00 [INFO] [sihl.core.container]: Starting...
2021-03-23T15:35:30-00:00 [INFO] [sihl.service.database]: Create pool with size 10
2021-03-23T15:35:30-00:00 [INFO] [sihl.core.container]: All services started.
2021-03-23T15:35:30-00:00 [INFO] [application]: Starting Opium on 0.0.0.0:3000
